2023.08.13 01:01:05 INFO  Started: Metals version 1.0.0 in folders 'C:\Users\Usuario\Desktop\hello-world' for client Visual Studio Code 1.81.1.
ago. 13, 2023 1:01:06 A. M. org.flywaydb.core.internal.license.VersionPrinter printVersionOnly
INFO: Flyway Community Edition 9.20.1 by Redgate
ago. 13, 2023 1:01:06 A. M. org.flywaydb.core.internal.license.VersionPrinter printVersion
INFO: See release notes here: https://rd.gt/416ObMi
ago. 13, 2023 1:01:06 A. M. org.flywaydb.core.internal.license.VersionPrinter printVersion
INFO: 
ago. 13, 2023 1:01:06 A. M. org.flywaydb.core.internal.database.base.BaseDatabaseType createDatabase
INFO: Database: jdbc:h2:file:C:\Users\Usuario\Desktop\hello-world\.metals\metals (H2 2.1)
ago. 13, 2023 1:01:06 A. M. org.flywaydb.core.internal.schemahistory.JdbcTableSchemaHistory allAppliedMigrations
INFO: Schema history table "PUBLIC"."flyway_schema_history" does not exist yet
ago. 13, 2023 1:01:07 A. M. org.flywaydb.core.internal.command.DbValidate validate
INFO: Successfully validated 4 migrations (execution time 00:00.051s)
ago. 13, 2023 1:01:07 A. M. org.flywaydb.core.internal.schemahistory.JdbcTableSchemaHistory create
INFO: Creating Schema History table "PUBLIC"."flyway_schema_history" ...
ago. 13, 2023 1:01:07 A. M. org.flywaydb.core.internal.command.DbMigrate migrateGroup
INFO: Current version of schema "PUBLIC": << Empty Schema >>
ago. 13, 2023 1:01:07 A. M. org.flywaydb.core.internal.command.DbMigrate doMigrateGroup
INFO: Migrating schema "PUBLIC" to version "1 - Create tables"
ago. 13, 2023 1:01:07 A. M. org.flywaydb.core.internal.command.DbMigrate doMigrateGroup
INFO: Migrating schema "PUBLIC" to version "2 - Server discovery"
ago. 13, 2023 1:01:07 A. M. org.flywaydb.core.internal.command.DbMigrate doMigrateGroup
INFO: Migrating schema "PUBLIC" to version "3 - Jar symbols"
ago. 13, 2023 1:01:07 A. M. org.flywaydb.core.internal.command.DbMigrate doMigrateGroup
INFO: Migrating schema "PUBLIC" to version "4 - Fingerprints"
ago. 13, 2023 1:01:07 A. M. org.flywaydb.core.internal.command.DbMigrate logSummary
INFO: Successfully applied 4 migrations to schema "PUBLIC", now at version v4 (execution time 00:00.056s)
2023.08.13 01:01:07 INFO  time: initialize in 1.45s
2023.08.13 01:01:12 WARN  Build server is not auto-connectable.
2023.08.13 01:01:12 WARN  no build target for: C:\Users\Usuario\Desktop\hello-world\src\main\scala\Main.scala
2023.08.13 01:01:22 INFO  no build target found for C:\Users\Usuario\Desktop\hello-world\src\main\scala\Main.scala. Using presentation compiler with project's scala-library version: 3.3.0
2023.08.13 01:01:24 INFO  time: code lens generation in 12s
2023.08.13 01:01:24 INFO  time: code lens generation in 7.61s
2023.08.13 01:01:24 INFO  time: code lens generation in 5.33s
2023.08.13 01:07:30 WARN  no build target for: C:\Users\Usuario\Desktop\hello-world\build.sbt
2023.08.13 01:07:38 WARN  no build target for: C:\Users\Usuario\Desktop\hello-world\src\main\scala\Main.scala
2023.08.13 01:10:19 WARN  no build target for: C:\Users\Usuario\Desktop\hello-world\src\main\scala\Main.scala
2023.08.13 01:12:36 WARN  no build target for: C:\Users\Usuario\Desktop\hello-world\src\main\scala\Main.scala
2023.08.13 01:13:12 WARN  no build target for: C:\Users\Usuario\Desktop\hello-world\src\main\scala\Main.scala
2023.08.13 01:13:20 WARN  no build target for: C:\Users\Usuario\Desktop\hello-world\src\main\scala\Main.scala
2023.08.13 01:14:52 WARN  no build target for: C:\Users\Usuario\Desktop\hello-world\src\main\scala\Main.scala
2023.08.13 01:15:02 WARN  no build target for: C:\Users\Usuario\Desktop\hello-world\src\main\scala\Main.scala
2023.08.13 01:15:08 WARN  no build target for: C:\Users\Usuario\Desktop\hello-world\src\main\scala\Main.scala
2023.08.13 01:15:13 WARN  no build target for: C:\Users\Usuario\Desktop\hello-world\src\main\scala\Main.scala
2023.08.13 01:15:41 WARN  no build target for: C:\Users\Usuario\Desktop\hello-world\src\main\scala\Main.scala
2023.08.13 01:15:56 WARN  no build target for: C:\Users\Usuario\Desktop\hello-world\src\main\scala\Main.scala
2023.08.13 01:16:22 WARN  no build target for: C:\Users\Usuario\Desktop\hello-world\src\main\scala\Main.scala
2023.08.13 01:16:24 WARN  no build target for: C:\Users\Usuario\Desktop\hello-world\src\main\scala\Main.scala
2023.08.13 01:16:28 WARN  no build target for: C:\Users\Usuario\Desktop\hello-world\src\main\scala\Main.scala
2023.08.13 01:16:33 WARN  no build target for: C:\Users\Usuario\Desktop\hello-world\src\main\scala\Main.scala
2023.08.13 01:16:38 WARN  no build target for: C:\Users\Usuario\Desktop\hello-world\src\main\scala\Main.scala
2023.08.13 01:16:52 WARN  no build target for: C:\Users\Usuario\Desktop\hello-world\src\main\scala\Main.scala
2023.08.13 01:17:05 WARN  no build target for: C:\Users\Usuario\Desktop\hello-world\src\main\scala\Main.scala
2023.08.13 01:17:07 WARN  no build target for: C:\Users\Usuario\Desktop\hello-world\src\main\scala\Main.scala
2023.08.13 01:17:10 WARN  no build target for: C:\Users\Usuario\Desktop\hello-world\src\main\scala\Main.scala
2023.08.13 01:17:11 WARN  no build target for: C:\Users\Usuario\Desktop\hello-world\src\main\scala\Main.scala
2023.08.13 01:17:14 WARN  no build target for: C:\Users\Usuario\Desktop\hello-world\src\main\scala\Main.scala
2023.08.13 01:17:18 WARN  no build target for: C:\Users\Usuario\Desktop\hello-world\src\main\scala\Main.scala
2023.08.13 01:17:19 WARN  no build target for: C:\Users\Usuario\Desktop\hello-world\src\main\scala\Main.scala
2023.08.13 01:17:56 WARN  no build target for: C:\Users\Usuario\Desktop\hello-world\src\main\scala\Main.scala
2023.08.13 01:18:00 WARN  no build target for: C:\Users\Usuario\Desktop\hello-world\src\main\scala\Main.scala
2023.08.13 01:18:02 WARN  no build target for: C:\Users\Usuario\Desktop\hello-world\src\main\scala\Main.scala
2023.08.13 01:19:58 WARN  no build target for: C:\Users\Usuario\Desktop\hello-world\src\main\scala\Main.scala
2023.08.13 01:20:00 WARN  no build target for: C:\Users\Usuario\Desktop\hello-world\src\main\scala\Main.scala
2023.08.13 01:20:04 WARN  no build target for: C:\Users\Usuario\Desktop\hello-world\src\main\scala\Main.scala
2023.08.13 01:20:09 WARN  no build target for: C:\Users\Usuario\Desktop\hello-world\src\main\scala\Main.scala
2023.08.13 01:20:12 WARN  no build target for: C:\Users\Usuario\Desktop\hello-world\src\main\scala\Main.scala
2023.08.13 01:20:17 WARN  no build target for: C:\Users\Usuario\Desktop\hello-world\src\main\scala\Main.scala
2023.08.13 01:20:24 WARN  no build target for: C:\Users\Usuario\Desktop\hello-world\src\main\scala\Main.scala
2023.08.13 01:20:26 WARN  no build target for: C:\Users\Usuario\Desktop\hello-world\src\main\scala\Main.scala
2023.08.13 01:20:30 WARN  no build target for: C:\Users\Usuario\Desktop\hello-world\src\main\scala\Main.scala
2023.08.13 01:20:32 WARN  no build target for: C:\Users\Usuario\Desktop\hello-world\src\main\scala\Main.scala
2023.08.13 01:20:39 WARN  no build target for: C:\Users\Usuario\Desktop\hello-world\src\main\scala\Main.scala
2023.08.13 01:21:13 WARN  no build target for: C:\Users\Usuario\Desktop\hello-world\build.sbt
2023.08.13 01:22:23 WARN  no build target for: C:\Users\Usuario\Desktop\hello-world\src\main\scala\Main.scala
2023.08.13 01:22:25 WARN  no build target for: C:\Users\Usuario\Desktop\hello-world\src\main\scala\Main.scala
2023.08.13 01:25:09 WARN  no build target for: C:\Users\Usuario\Desktop\hello-world\src\main\scala\Main.scala
2023.08.13 01:25:10 WARN  no build target for: C:\Users\Usuario\Desktop\hello-world\src\main\scala\Main.scala
ago. 13, 2023 1:25:14 A. M. org.eclipse.lsp4j.jsonrpc.RemoteEndpoint handleCancellation
WARNING: Unmatched cancel notification for request id 841
2023.08.13 01:25:15 WARN  no build target for: C:\Users\Usuario\Desktop\hello-world\src\main\scala\Main.scala
2023.08.13 01:25:17 WARN  no build target for: C:\Users\Usuario\Desktop\hello-world\src\main\scala\Main.scala
2023.08.13 01:25:18 WARN  no build target for: C:\Users\Usuario\Desktop\hello-world\src\main\scala\Main.scala
2023.08.13 01:25:22 WARN  no build target for: C:\Users\Usuario\Desktop\hello-world\src\main\scala\Main.scala
2023.08.13 01:25:42 WARN  no build target for: C:\Users\Usuario\Desktop\hello-world\src\main\scala\Main.scala
2023.08.13 01:25:45 WARN  no build target for: C:\Users\Usuario\Desktop\hello-world\src\main\scala\Main.scala
2023.08.13 01:25:47 WARN  no build target for: C:\Users\Usuario\Desktop\hello-world\src\main\scala\Main.scala
2023.08.13 01:25:50 WARN  no build target for: C:\Users\Usuario\Desktop\hello-world\src\main\scala\Main.scala
2023.08.13 01:25:52 WARN  no build target for: C:\Users\Usuario\Desktop\hello-world\src\main\scala\Main.scala
2023.08.13 01:25:53 WARN  no build target for: C:\Users\Usuario\Desktop\hello-world\src\main\scala\Main.scala
2023.08.13 01:25:56 WARN  no build target for: C:\Users\Usuario\Desktop\hello-world\src\main\scala\Main.scala
2023.08.13 01:26:00 WARN  no build target for: C:\Users\Usuario\Desktop\hello-world\src\main\scala\Main.scala
2023.08.13 01:26:02 WARN  no build target for: C:\Users\Usuario\Desktop\hello-world\src\main\scala\Main.scala
2023.08.13 13:00:56 WARN  no build target for: C:\Users\Usuario\Desktop\hello-world\src\main\scala\TipoDeDatos.scala
2023.08.13 13:01:04 WARN  no build target for: C:\Users\Usuario\Desktop\hello-world\src\main\scala\Main.scala
Exception in thread "pool-3-thread-1" java.lang.InterruptedException
	at scala.meta.internal.metals.FutureCancelToken.checkCanceled(FutureCancelToken.scala:29)
	at scala.meta.internal.pc.CompilerAccess.onCompilerJobQueue$$anonfun$1(CompilerAccess.scala:229)
	at scala.meta.internal.pc.CompilerJobQueue$Job.run(CompilerJobQueue.scala:152)
	at java.base/java.util.concurrent.ThreadPoolExecutor.runWorker(ThreadPoolExecutor.java:1136)
	at java.base/java.util.concurrent.ThreadPoolExecutor$Worker.run(ThreadPoolExecutor.java:635)
	at java.base/java.lang.Thread.run(Thread.java:833)
2023.08.13 13:01:06 WARN  no build target for: C:\Users\Usuario\Desktop\hello-world\src\main\scala\TipoDeDatos.scala
2023.08.13 13:01:11 WARN  no build target for: C:\Users\Usuario\Desktop\hello-world\src\main\scala\TipoDeDatos.scala
2023.08.13 13:01:15 WARN  no build target for: C:\Users\Usuario\Desktop\hello-world\src\main\scala\TipoDeDatos.scala
2023.08.13 13:01:19 WARN  no build target for: C:\Users\Usuario\Desktop\hello-world\src\main\scala\TipoDeDatos.scala
2023.08.13 13:01:23 WARN  no build target for: C:\Users\Usuario\Desktop\hello-world\src\main\scala\TipoDeDatos.scala
2023.08.13 13:01:24 WARN  no build target for: C:\Users\Usuario\Desktop\hello-world\src\main\scala\TipoDeDatos.scala
2023.08.13 13:01:28 WARN  no build target for: C:\Users\Usuario\Desktop\hello-world\src\main\scala\TipoDeDatos.scala
Downloading https://repo1.maven.org/maven2/org/scalameta/scalafmt-core_2.13/3.7.10/scalafmt-core_2.13-3.7.10.pom
Downloaded https://repo1.maven.org/maven2/org/scalameta/scalafmt-core_2.13/3.7.10/scalafmt-core_2.13-3.7.10.pom
Downloading https://repo1.maven.org/maven2/org/scalameta/scalafmt-sysops_2.13/3.7.10/scalafmt-sysops_2.13-3.7.10.pom
Downloading https://repo1.maven.org/maven2/org/scalameta/scalafmt-config_2.13/3.7.10/scalafmt-config_2.13-3.7.10.pom
Downloading https://repo1.maven.org/maven2/org/scalameta/scalameta_2.13/4.8.5/scalameta_2.13-4.8.5.pom
Downloaded https://repo1.maven.org/maven2/org/scalameta/scalafmt-sysops_2.13/3.7.10/scalafmt-sysops_2.13-3.7.10.pom
Downloaded https://repo1.maven.org/maven2/org/scalameta/scalameta_2.13/4.8.5/scalameta_2.13-4.8.5.pom
Downloaded https://repo1.maven.org/maven2/org/scalameta/scalafmt-config_2.13/3.7.10/scalafmt-config_2.13-3.7.10.pom
Downloading https://repo1.maven.org/maven2/org/scalameta/parsers_2.13/4.8.5/parsers_2.13-4.8.5.pom
Downloaded https://repo1.maven.org/maven2/org/scalameta/parsers_2.13/4.8.5/parsers_2.13-4.8.5.pom
Downloading https://repo1.maven.org/maven2/com/typesafe/config/1.4.1/config-1.4.1.pom
Downloaded https://repo1.maven.org/maven2/com/typesafe/config/1.4.1/config-1.4.1.pom
Downloading https://repo1.maven.org/maven2/com/typesafe/config/1.4.1/config-1.4.1.jar
Downloading https://repo1.maven.org/maven2/org/scalameta/scalafmt-sysops_2.13/3.7.10/scalafmt-sysops_2.13-3.7.10.jar
Downloading https://repo1.maven.org/maven2/org/scalameta/scalameta_2.13/4.8.5/scalameta_2.13-4.8.5.jar
Downloading https://repo1.maven.org/maven2/org/scalameta/scalafmt-config_2.13/3.7.10/scalafmt-config_2.13-3.7.10.jar
Downloading https://repo1.maven.org/maven2/org/scalameta/parsers_2.13/4.8.5/parsers_2.13-4.8.5.jar
Downloading https://repo1.maven.org/maven2/org/scalameta/scalafmt-core_2.13/3.7.10/scalafmt-core_2.13-3.7.10.jar
Downloaded https://repo1.maven.org/maven2/org/scalameta/scalafmt-config_2.13/3.7.10/scalafmt-config_2.13-3.7.10.jar
Downloaded https://repo1.maven.org/maven2/org/scalameta/scalafmt-sysops_2.13/3.7.10/scalafmt-sysops_2.13-3.7.10.jar
Downloaded https://repo1.maven.org/maven2/com/typesafe/config/1.4.1/config-1.4.1.jar
Downloaded https://repo1.maven.org/maven2/org/scalameta/parsers_2.13/4.8.5/parsers_2.13-4.8.5.jar
Downloaded https://repo1.maven.org/maven2/org/scalameta/scalafmt-core_2.13/3.7.10/scalafmt-core_2.13-3.7.10.jar
Downloaded https://repo1.maven.org/maven2/org/scalameta/scalameta_2.13/4.8.5/scalameta_2.13-4.8.5.jar
2023.08.13 13:01:38 WARN  no build target for: C:\Users\Usuario\Desktop\hello-world\src\main\scala\TipoDeDatos.scala
2023.08.13 13:01:50 WARN  no build target for: C:\Users\Usuario\Desktop\hello-world\src\main\scala\Main.scala
2023.08.13 13:01:55 WARN  no build target for: C:\Users\Usuario\Desktop\hello-world\src\main\scala\TipoDeDatos.scala
ago. 13, 2023 1:10:35 P. M. org.eclipse.lsp4j.jsonrpc.services.GenericEndpoint notify
INFO: Unsupported notification method: $/setTrace
2023.08.13 13:13:48 WARN  no build target for: C:\Users\Usuario\Desktop\hello-world\src\main\scala\Operadores.scala
2023.08.13 13:13:52 WARN  no build target for: C:\Users\Usuario\Desktop\hello-world\src\main\scala\TipoDeDatos.scala
Exception in thread "pool-3-thread-2" java.lang.InterruptedException
	at scala.meta.internal.metals.FutureCancelToken.checkCanceled(FutureCancelToken.scala:29)
	at scala.meta.internal.pc.CompilerAccess.onCompilerJobQueue$$anonfun$1(CompilerAccess.scala:229)
	at scala.meta.internal.pc.CompilerJobQueue$Job.run(CompilerJobQueue.scala:152)
	at java.base/java.util.concurrent.ThreadPoolExecutor.runWorker(ThreadPoolExecutor.java:1136)
	at java.base/java.util.concurrent.ThreadPoolExecutor$Worker.run(ThreadPoolExecutor.java:635)
	at java.base/java.lang.Thread.run(Thread.java:833)
Exception in thread "pool-3-thread-3" java.lang.InterruptedException
	at scala.meta.internal.metals.FutureCancelToken.checkCanceled(FutureCancelToken.scala:29)
	at scala.meta.internal.pc.CompilerAccess.onCompilerJobQueue$$anonfun$1(CompilerAccess.scala:229)
	at scala.meta.internal.pc.CompilerJobQueue$Job.run(CompilerJobQueue.scala:152)
	at java.base/java.util.concurrent.ThreadPoolExecutor.runWorker(ThreadPoolExecutor.java:1136)
	at java.base/java.util.concurrent.ThreadPoolExecutor$Worker.run(ThreadPoolExecutor.java:635)
	at java.base/java.lang.Thread.run(Thread.java:833)
2023.08.13 13:13:55 WARN  no build target for: C:\Users\Usuario\Desktop\hello-world\src\main\scala\Operadores.scala
2023.08.13 13:14:04 WARN  no build target for: C:\Users\Usuario\Desktop\hello-world\src\main\scala\Operadores.scala
2023.08.13 13:17:05 WARN  no build target for: C:\Users\Usuario\Desktop\hello-world\src\main\scala\Operadores.scala
2023.08.13 13:18:30 WARN  no build target for: C:\Users\Usuario\Desktop\hello-world\src\main\scala\Operadores.scala
2023.08.13 13:18:32 WARN  no build target for: C:\Users\Usuario\Desktop\hello-world\src\main\scala\Operadores.scala
2023.08.13 13:18:35 WARN  no build target for: C:\Users\Usuario\Desktop\hello-world\src\main\scala\Operadores.scala
2023.08.13 13:19:46 WARN  no build target for: C:\Users\Usuario\Desktop\hello-world\src\main\scala\Operadores.scala
2023.08.13 13:19:54 WARN  no build target for: C:\Users\Usuario\Desktop\hello-world\src\main\scala\Operadores.scala
2023.08.13 13:20:10 WARN  no build target for: C:\Users\Usuario\Desktop\hello-world\src\main\scala\Operadores.scala
2023.08.13 13:20:11 WARN  no build target for: C:\Users\Usuario\Desktop\hello-world\src\main\scala\Operadores.scala
2023.08.13 13:20:44 WARN  no build target for: C:\Users\Usuario\Desktop\hello-world\src\main\scala\Operadores.scala
2023.08.13 13:22:38 WARN  no build target for: C:\Users\Usuario\Desktop\hello-world\src\main\scala\TipoDeDatos.scala
2023.08.13 13:23:59 WARN  no build target for: C:\Users\Usuario\Desktop\hello-world\src\main\scala\conditionals.scala
2023.08.13 13:24:20 WARN  no build target for: C:\Users\Usuario\Desktop\hello-world\src\main\scala\conditionals.scala
2023.08.13 13:24:25 WARN  no build target for: C:\Users\Usuario\Desktop\hello-world\src\main\scala\conditionals.scala
2023.08.13 13:24:30 WARN  no build target for: C:\Users\Usuario\Desktop\hello-world\src\main\scala\conditionals.scala
2023.08.13 13:24:33 WARN  no build target for: C:\Users\Usuario\Desktop\hello-world\src\main\scala\conditionals.scala
2023.08.13 13:24:34 WARN  no build target for: C:\Users\Usuario\Desktop\hello-world\src\main\scala\conditionals.scala
2023.08.13 13:24:36 WARN  no build target for: C:\Users\Usuario\Desktop\hello-world\src\main\scala\conditionals.scala
2023.08.13 13:24:38 WARN  no build target for: C:\Users\Usuario\Desktop\hello-world\src\main\scala\conditionals.scala
2023.08.13 13:24:42 WARN  no build target for: C:\Users\Usuario\Desktop\hello-world\src\main\scala\conditionals.scala
2023.08.13 13:24:44 WARN  no build target for: C:\Users\Usuario\Desktop\hello-world\src\main\scala\conditionals.scala
2023.08.13 13:24:46 WARN  no build target for: C:\Users\Usuario\Desktop\hello-world\src\main\scala\conditionals.scala
2023.08.13 13:29:50 WARN  no build target for: C:\Users\Usuario\Desktop\hello-world\src\main\scala\conditionals.scala
2023.08.13 13:31:09 WARN  no build target for: C:\Users\Usuario\Desktop\hello-world\src\main\scala\conditionals.scala
2023.08.13 13:31:10 WARN  no build target for: C:\Users\Usuario\Desktop\hello-world\src\main\scala\conditionals.scala
2023.08.13 13:31:35 WARN  no build target for: C:\Users\Usuario\Desktop\hello-world\src\main\scala\Operadores.scala
2023.08.13 13:31:40 WARN  no build target for: C:\Users\Usuario\Desktop\hello-world\src\main\scala\Operadores.scala
2023.08.13 13:31:44 WARN  no build target for: C:\Users\Usuario\Desktop\hello-world\src\main\scala\Operators.scala
2023.08.13 13:42:12 WARN  no build target for: C:\Users\Usuario\Desktop\hello-world\src\main\scala\Blucles.scala
2023.08.13 13:42:14 WARN  no build target for: C:\Users\Usuario\Desktop\hello-world\src\main\scala\Blucles.scala
2023.08.13 13:42:34 WARN  no build target for: C:\Users\Usuario\Desktop\hello-world\src\main\scala\Blucles.scala
2023.08.13 13:42:36 WARN  no build target for: C:\Users\Usuario\Desktop\hello-world\src\main\scala\Blucles.scala
2023.08.13 13:42:38 WARN  no build target for: C:\Users\Usuario\Desktop\hello-world\src\main\scala\Blucles.scala
2023.08.13 13:42:41 WARN  no build target for: C:\Users\Usuario\Desktop\hello-world\src\main\scala\Blucles.scala
2023.08.13 13:42:43 WARN  no build target for: C:\Users\Usuario\Desktop\hello-world\src\main\scala\Blucles.scala
ago. 13, 2023 1:42:44 P. M. org.eclipse.lsp4j.jsonrpc.RemoteEndpoint handleCancellation
WARNING: Unmatched cancel notification for request id 1719
2023.08.13 13:42:45 WARN  no build target for: C:\Users\Usuario\Desktop\hello-world\src\main\scala\Blucles.scala
2023.08.13 13:42:48 WARN  no build target for: C:\Users\Usuario\Desktop\hello-world\src\main\scala\Blucles.scala
2023.08.13 13:43:17 WARN  no build target for: C:\Users\Usuario\Desktop\hello-world\src\main\scala\Blucles.scala
2023.08.13 13:43:24 WARN  no build target for: C:\Users\Usuario\Desktop\hello-world\src\main\scala\Blucles.scala
2023.08.13 13:43:33 WARN  no build target for: C:\Users\Usuario\Desktop\hello-world\src\main\scala\Blucles.scala
2023.08.13 13:43:35 WARN  no build target for: C:\Users\Usuario\Desktop\hello-world\src\main\scala\Blucles.scala
2023.08.13 13:43:36 WARN  no build target for: C:\Users\Usuario\Desktop\hello-world\src\main\scala\Blucles.scala
2023.08.13 13:43:49 WARN  no build target for: C:\Users\Usuario\Desktop\hello-world\src\main\scala\Blucles.scala
2023.08.13 13:43:50 WARN  no build target for: C:\Users\Usuario\Desktop\hello-world\src\main\scala\Blucles.scala
2023.08.13 13:44:44 WARN  no build target for: C:\Users\Usuario\Desktop\hello-world\src\main\scala\Blucles.scala
2023.08.13 13:44:51 WARN  no build target for: C:\Users\Usuario\Desktop\hello-world\src\main\scala\Blucles.scala
2023.08.13 13:44:55 WARN  no build target for: C:\Users\Usuario\Desktop\hello-world\src\main\scala\Blucles.scala
2023.08.13 13:45:03 WARN  no build target for: C:\Users\Usuario\Desktop\hello-world\src\main\scala\Blucles.scala
2023.08.13 13:49:44 WARN  no build target for: C:\Users\Usuario\Desktop\hello-world\src\main\scala\Blucles.scala
2023.08.13 13:49:46 ERROR scalafmt: C:\Users\Usuario\Desktop\hello-world\src\main\scala\Blucles.scala:19: error: [dialect scala213] do expected but val found
  val x: Int = iterator.next
  ^
2023.08.13 13:49:52 WARN  no build target for: C:\Users\Usuario\Desktop\hello-world\src\main\scala\Blucles.scala
ago. 13, 2023 1:50:07 P. M. org.eclipse.lsp4j.jsonrpc.RemoteEndpoint handleCancellation
WARNING: Unmatched cancel notification for request id 1951
2023.08.13 13:50:10 WARN  no build target for: C:\Users\Usuario\Desktop\hello-world\src\main\scala\Blucles.scala
2023.08.13 13:50:12 WARN  no build target for: C:\Users\Usuario\Desktop\hello-world\src\main\scala\Blucles.scala
2023.08.13 13:50:17 WARN  no build target for: C:\Users\Usuario\Desktop\hello-world\src\main\scala\Blucles.scala
2023.08.13 13:50:23 WARN  no build target for: C:\Users\Usuario\Desktop\hello-world\src\main\scala\Blucles.scala
2023.08.13 13:50:30 WARN  no build target for: C:\Users\Usuario\Desktop\hello-world\src\main\scala\Blucles.scala
2023.08.13 13:50:32 WARN  no build target for: C:\Users\Usuario\Desktop\hello-world\src\main\scala\Blucles.scala
2023.08.13 13:50:35 WARN  no build target for: C:\Users\Usuario\Desktop\hello-world\src\main\scala\Blucles.scala
2023.08.13 13:50:38 WARN  no build target for: C:\Users\Usuario\Desktop\hello-world\src\main\scala\Blucles.scala
2023.08.13 13:50:40 WARN  no build target for: C:\Users\Usuario\Desktop\hello-world\src\main\scala\Blucles.scala
2023.08.13 13:50:44 WARN  no build target for: C:\Users\Usuario\Desktop\hello-world\src\main\scala\Blucles.scala
2023.08.13 13:50:48 WARN  no build target for: C:\Users\Usuario\Desktop\hello-world\src\main\scala\Blucles.scala
2023.08.13 13:50:50 WARN  no build target for: C:\Users\Usuario\Desktop\hello-world\src\main\scala\Blucles.scala
2023.08.13 13:50:55 WARN  no build target for: C:\Users\Usuario\Desktop\hello-world\src\main\scala\Blucles.scala
2023.08.13 13:51:00 WARN  no build target for: C:\Users\Usuario\Desktop\hello-world\src\main\scala\Blucles.scala
2023.08.13 13:51:02 WARN  no build target for: C:\Users\Usuario\Desktop\hello-world\src\main\scala\Blucles.scala
ago. 13, 2023 1:51:03 P. M. org.eclipse.lsp4j.jsonrpc.RemoteEndpoint handleCancellation
WARNING: Unmatched cancel notification for request id 2162
2023.08.13 13:51:06 WARN  no build target for: C:\Users\Usuario\Desktop\hello-world\src\main\scala\Blucles.scala
2023.08.13 13:51:10 WARN  no build target for: C:\Users\Usuario\Desktop\hello-world\src\main\scala\Blucles.scala
2023.08.14 01:49:31 INFO  Shutting down server
2023.08.14 01:49:31 INFO  shutting down Metals
2023.08.14 01:49:31 INFO  Exiting server
